1620807393180	geckodriver	INFO	Listening on 127.0.0.1:51662
1620807396231	mozrunner::runner	INFO	Running command: "C:\\Program Files\\Mozilla Firefox\\firefox.exe" "--marionette" "-foreground" "-no-remote" "-profile" "C:\\Users\\Soumya\\AppData\\Local\\Temp\\rust_mozprofileQBl9cY"
1620807396831	Marionette	INFO	Marionette enabled
console.warn: SearchSettings: "get: No settings file exists, new profile?" (new Error("", "(unknown module)"))
1620807399651	Marionette	INFO	Listening on port 58373
1620807399929	Marionette	WARN	TLS certificate errors will be ignored for this session
JavaScript error: , line 0: NotFoundError: No such JSWindowActor 'MarionetteEvents'
JavaScript error: , line 0: NotFoundError: No such JSWindowActor 'MarionetteEvents'
JavaScript error: , line 0: NotFoundError: No such JSWindowActor 'MarionetteEvents'
1620807421533	Marionette	INFO	Stopped listening on port 58373

###!!! [Child][RunMessage] Error: Channel closing: too late to send/recv, messages will be lost

1620807538021	geckodriver	INFO	Listening on 127.0.0.1:56565
1620807541109	mozrunner::runner	INFO	Running command: "C:\\Program Files\\Mozilla Firefox\\firefox.exe" "--marionette" "-foreground" "-no-remote" "-profile" "C:\\Users\\Soumya\\AppData\\Local\\Temp\\rust_mozprofiledlugMy"
1620807541886	Marionette	INFO	Marionette enabled
console.warn: SearchSettings: "get: No settings file exists, new profile?" (new Error("", "(unknown module)"))
1620807545164	Marionette	INFO	Listening on port 53894
1620807545333	Marionette	WARN	TLS certificate errors will be ignored for this session
1620807584204	Marionette	INFO	Stopped listening on port 53894

###!!! [Child][RunMessage] Error: Channel closing: too late to send/recv, messages will be lost

1620807585620	geckodriver	INFO	Listening on 127.0.0.1:49900
1620807588656	mozrunner::runner	INFO	Running command: "C:\\Program Files\\Mozilla Firefox\\firefox.exe" "--marionette" "-foreground" "-no-remote" "-profile" "C:\\Users\\Soumya\\AppData\\Local\\Temp\\rust_mozprofilelIOzlQ"
1620807589212	Marionette	INFO	Marionette enabled
console.warn: SearchSettings: "get: No settings file exists, new profile?" (new Error("", "(unknown module)"))
1620807592471	Marionette	INFO	Listening on port 53192
1620807592857	Marionette	WARN	TLS certificate errors will be ignored for this session
1620807625438	Marionette	INFO	Stopped listening on port 53192

###!!! [Child][RunMessage] Error: Channel closing: too late to send/recv, messages will be lost

1620808608239	geckodriver	INFO	Listening on 127.0.0.1:51634
1620808611226	mozrunner::runner	INFO	Running command: "C:\\Program Files\\Mozilla Firefox\\firefox.exe" "--marionette" "-foreground" "-no-remote" "-profile" "C:\\Users\\Soumya\\AppData\\Local\\Temp\\rust_mozprofileKcR5M4"
1620808611891	Marionette	INFO	Marionette enabled
console.warn: SearchSettings: "get: No settings file exists, new profile?" (new Error("", "(unknown module)"))
1620808614789	Marionette	INFO	Listening on port 60309
1620808614940	Marionette	WARN	TLS certificate errors will be ignored for this session
JavaScript error: , line 0: NotFoundError: No such JSWindowActor 'MarionetteEvents'
Handler function threw an exception: TypeError: topFrame.browsingContext is null
Stack: matchRequest@resource://devtools/server/actors/network-monitor/network-observer.js:130:9
_onRequestHeader@resource://devtools/server/actors/network-monitor/network-observer.js:959:10
NetworkObserver.prototype.observeActivity<@resource://devtools/server/actors/network-monitor/network-observer.js:710:12
exports.makeInfallible/<@resource://devtools/shared/ThreadSafeDevToolsUtils.js:103:22
Line: 130, column: 9
console.error: (new TypeError("topFrame.browsingContext is null", "resource://devtools/server/actors/network-monitor/network-observer.js", 130))
Handler function threw an exception: TypeError: topFrame.browsingContext is null
Stack: matchRequest@resource://devtools/server/actors/network-monitor/network-observer.js:130:9
_onRequestHeader@resource://devtools/server/actors/network-monitor/network-observer.js:959:10
NetworkObserver.prototype.observeActivity<@resource://devtools/server/actors/network-monitor/network-observer.js:710:12
exports.makeInfallible/<@resource://devtools/shared/ThreadSafeDevToolsUtils.js:103:22
Line: 130, column: 9
console.error: (new TypeError("topFrame.browsingContext is null", "resource://devtools/server/actors/network-monitor/network-observer.js", 130))
Handler function threw an exception: TypeError: topFrame.browsingContext is null
Stack: matchRequest@resource://devtools/server/actors/network-monitor/network-observer.js:130:9
_onRequestHeader@resource://devtools/server/actors/network-monitor/network-observer.js:959:10
NetworkObserver.prototype.observeActivity<@resource://devtools/server/actors/network-monitor/network-observer.js:710:12
exports.makeInfallible/<@resource://devtools/shared/ThreadSafeDevToolsUtils.js:103:22
Line: 130, column: 9
console.error: (new TypeError("topFrame.browsingContext is null", "resource://devtools/server/actors/network-monitor/network-observer.js", 130))
Handler function threw an exception: TypeError: topFrame.browsingContext is null
Stack: matchRequest@resource://devtools/server/actors/network-monitor/network-observer.js:130:9
_onRequestHeader@resource://devtools/server/actors/network-monitor/network-observer.js:959:10
NetworkObserver.prototype.observeActivity<@resource://devtools/server/actors/network-monitor/network-observer.js:710:12
exports.makeInfallible/<@resource://devtools/shared/ThreadSafeDevToolsUtils.js:103:22
Line: 130, column: 9
console.error: (new TypeError("topFrame.browsingContext is null", "resource://devtools/server/actors/network-monitor/network-observer.js", 130))
Handler function threw an exception: TypeError: topFrame.browsingContext is null
Stack: matchRequest@resource://devtools/server/actors/network-monitor/network-observer.js:130:9
_onRequestHeader@resource://devtools/server/actors/network-monitor/network-observer.js:959:10
NetworkObserver.prototype.observeActivity<@resource://devtools/server/actors/network-monitor/network-observer.js:710:12
exports.makeInfallible/<@resource://devtools/shared/ThreadSafeDevToolsUtils.js:103:22
Line: 130, column: 9
console.error: (new TypeError("topFrame.browsingContext is null", "resource://devtools/server/actors/network-monitor/network-observer.js", 130))
Handler function threw an exception: TypeError: topFrame.browsingContext is null
Stack: matchRequest@resource://devtools/server/actors/network-monitor/network-observer.js:130:9
_onRequestHeader@resource://devtools/server/actors/network-monitor/network-observer.js:959:10
NetworkObserver.prototype.observeActivity<@resource://devtools/server/actors/network-monitor/network-observer.js:710:12
exports.makeInfallible/<@resource://devtools/shared/ThreadSafeDevToolsUtils.js:103:22
Line: 130, column: 9
console.error: (new TypeError("topFrame.browsingContext is null", "resource://devtools/server/actors/network-monitor/network-observer.js", 130))
console.error: "Tried to send a 'target-destroyed-form' event on an already destroyed actor 'watcher'"
1620808714595	Marionette	INFO	Stopped listening on port 60309

###!!! [Child][RunMessage] Error: Channel closing: too late to send/recv, messages will be lost

1620808970162	geckodriver	INFO	Listening on 127.0.0.1:54525
1620808973266	mozrunner::runner	INFO	Running command: "C:\\Program Files\\Mozilla Firefox\\firefox.exe" "--marionette" "-foreground" "-no-remote" "-profile" "C:\\Users\\Soumya\\AppData\\Local\\Temp\\rust_mozprofileqZJPBV"
1620808973945	Marionette	INFO	Marionette enabled
console.warn: SearchSettings: "get: No settings file exists, new profile?" (new Error("", "(unknown module)"))
1620808976826	Marionette	INFO	Listening on port 49518
1620808976991	Marionette	WARN	TLS certificate errors will be ignored for this session
JavaScript error: , line 0: NotFoundError: No such JSWindowActor 'MarionetteEvents'
1620809032833	Marionette	INFO	Stopped listening on port 49518

###!!! [Child][RunMessage] Error: Channel closing: too late to send/recv, messages will be lost

1620809114844	geckodriver	INFO	Listening on 127.0.0.1:60197
1620809117927	mozrunner::runner	INFO	Running command: "C:\\Program Files\\Mozilla Firefox\\firefox.exe" "--marionette" "-foreground" "-no-remote" "-profile" "C:\\Users\\Soumya\\AppData\\Local\\Temp\\rust_mozprofileceImr7"
1620809118492	Marionette	INFO	Marionette enabled
console.warn: SearchSettings: "get: No settings file exists, new profile?" (new Error("", "(unknown module)"))
1620809120490	Marionette	INFO	Listening on port 60785
1620809120594	Marionette	WARN	TLS certificate errors will be ignored for this session
1620809152172	Marionette	INFO	Stopped listening on port 60785

###!!! [Child][RunMessage] Error: Channel closing: too late to send/recv, messages will be lost

1620809160675	geckodriver	INFO	Listening on 127.0.0.1:65227
1620809163782	mozrunner::runner	INFO	Running command: "C:\\Program Files\\Mozilla Firefox\\firefox.exe" "--marionette" "-foreground" "-no-remote" "-profile" "C:\\Users\\Soumya\\AppData\\Local\\Temp\\rust_mozprofileR9P04D"
1620809164144	Marionette	INFO	Marionette enabled
console.warn: SearchSettings: "get: No settings file exists, new profile?" (new Error("", "(unknown module)"))
1620809166119	Marionette	INFO	Listening on port 65166
1620809166454	Marionette	WARN	TLS certificate errors will be ignored for this session
JavaScript error: resource://pdf.js/PdfStreamConverter.jsm, line 835: TypeError: this.dataListener is null
1620809197224	Marionette	INFO	Stopped listening on port 65166
1620809246222	geckodriver	INFO	Listening on 127.0.0.1:56520
1620809249277	mozrunner::runner	INFO	Running command: "C:\\Program Files\\Mozilla Firefox\\firefox.exe" "--marionette" "-foreground" "-no-remote" "-profile" "C:\\Users\\Soumya\\AppData\\Local\\Temp\\rust_mozprofileTfocHa"
1620809249634	Marionette	INFO	Marionette enabled
console.warn: SearchSettings: "get: No settings file exists, new profile?" (new Error("", "(unknown module)"))
1620809251950	Marionette	INFO	Listening on port 63486
1620809252449	Marionette	WARN	TLS certificate errors will be ignored for this session
1620809499562	Marionette	INFO	Stopped listening on port 63486

###!!! [Child][RunMessage] Error: Channel closing: too late to send/recv, messages will be lost

1620809562282	geckodriver	INFO	Listening on 127.0.0.1:50765
1620809565367	mozrunner::runner	INFO	Running command: "C:\\Program Files\\Mozilla Firefox\\firefox.exe" "--marionette" "-foreground" "-no-remote" "-profile" "C:\\Users\\Soumya\\AppData\\Local\\Temp\\rust_mozprofile8oGot4"
1620809565854	Marionette	INFO	Marionette enabled
console.warn: SearchSettings: "get: No settings file exists, new profile?" (new Error("", "(unknown module)"))
1620809567803	Marionette	INFO	Listening on port 51348
1620809568028	Marionette	WARN	TLS certificate errors will be ignored for this session
JavaScript error: https://googleads.g.doubleclick.net/pagead/ads?client=ca-pub-3457358795818112&output=html&h=280&slotname=3814363911&adk=3514541332&adf=594005762&pi=t.ma~as.3814363911&w=678&fwrn=4&fwrnh=100&lmt=1620809574&rafmt=1&psa=0&format=678x280&url=https%3A%2F%2Fdailyepaper.in%2Fthe-hindu-pdf-epaper-downloa-now%2F&flash=0&fwr=0&fwrattr=true&rpe=1&resp_fmts=3&wgl=1&dt=1620809573366&bpp=8&bdt=4139&idt=206&shv=r20210510&cbv=%2Fr20190131&ptt=9&saldr=aa&abxe=1&correlator=3460618402935&frm=20&pv=2&ga_vid=1388833776.1620809573&ga_sid=1620809575&ga_hid=541991932&ga_fc=0&u_tz=330&u_his=1&u_java=0&u_h=864&u_w=1536&u_ah=864&u_aw=1536&u_cd=24&u_nplug=0&u_nmime=0&adx=118&ady=835&biw=1266&bih=736&scr_x=0&scr_y=0&eid=42530672%2C31060957&oid=3&pvsid=3559169774870348&pem=462&eae=0&fc=896&brdim=3%2C3%2C3%2C3%2C1536%2C0%2C1294%2C815%2C1283%2C736&vis=1&rsz=%7C%7CoeEbr%7C&abl=CS&pfx=0&fu=128&bc=31&ifi=1&uci=a!1&btvi=1&fsb=1&xpc=pCb5DCvPyw&p=https%3A//dailyepaper.in&dtd=1247, line 1: ReferenceError: buildAttribution is not defined
JavaScript error: https://googleads.g.doubleclick.net/pagead/ads?client=ca-pub-3457358795818112&output=html&h=200&slotname=6635036787&adk=4109866443&adf=496274341&pi=t.ma~as.6635036787&w=1080&fwrn=4&lmt=1620809574&rafmt=11&psa=0&format=1080x200&url=https%3A%2F%2Fdailyepaper.in%2Fthe-hindu-pdf-epaper-downloa-now%2F&flash=0&wgl=1&dt=1620809573366&bpp=3&bdt=4139&idt=303&shv=r20210510&cbv=%2Fr20190131&ptt=9&saldr=aa&abxe=1&prev_fmts=678x280%2C678x170%2C326x250%2C0x0%2C1080x280&nras=1&correlator=3460618402935&frm=20&pv=1&ga_vid=1388833776.1620809573&ga_sid=1620809575&ga_hid=541991932&ga_fc=0&rplot=4&u_tz=330&u_his=1&u_java=0&u_h=864&u_w=1536&u_ah=864&u_aw=1536&u_cd=24&u_nplug=0&u_nmime=0&adx=93&ady=456&biw=1266&bih=736&scr_x=0&scr_y=0&eid=42530672%2C31060957&oid=3&pvsid=3559169774870348&pem=462&eae=0&fc=896&brdim=3%2C3%2C3%2C3%2C1536%2C0%2C1294%2C815%2C1283%2C736&vis=1&rsz=%7C%7CeE%7C&abl=CS&pfx=0&fu=128&bc=31&ifi=10&uci=a!a&fsb=1&xpc=2I1X09ww3y&p=https%3A//dailyepaper.in&dtd=1268, line 1: ReferenceError: buildAttribution is not defined
Marionette threw an error: TypeError: this.curBrowser.contentBrowser is null
GeckoDriver.prototype.navigateTo@chrome://marionette/content/driver.js:947:3

JavaScript error: , line 0: NotFoundError: No such JSWindowActor 'MarionetteEvents'
JavaScript error: , line 0: NotFoundError: No such JSWindowActor 'MarionetteEvents'
JavaScript error: , line 0: NotFoundError: No such JSWindowActor 'MarionetteEvents'
JavaScript error: , line 0: NotFoundError: No such JSWindowActor 'MarionetteEvents'
JavaScript error: , line 0: NotFoundError: No such JSWindowActor 'MarionetteEvents'
JavaScript error: , line 0: NotFoundError: No such JSWindowActor 'MarionetteEvents'
JavaScript error: , line 0: NotFoundError: No such JSWindowActor 'MarionetteEvents'
JavaScript error: , line 0: NotFoundError: No such JSWindowActor 'MarionetteEvents'
JavaScript error: , line 0: NotFoundError: No such JSWindowActor 'MarionetteEvents'
JavaScript error: , line 0: NotFoundError: No such JSWindowActor 'MarionetteEvents'
1620809628826	Marionette	INFO	Stopped listening on port 51348

###!!! [Child][RunMessage] Error: Channel closing: too late to send/recv, messages will be lost

1620809630041	geckodriver	INFO	Listening on 127.0.0.1:61816
1620809633108	mozrunner::runner	INFO	Running command: "C:\\Program Files\\Mozilla Firefox\\firefox.exe" "--marionette" "-foreground" "-no-remote" "-profile" "C:\\Users\\Soumya\\AppData\\Local\\Temp\\rust_mozprofile15PrLr"
1620809633606	Marionette	INFO	Marionette enabled
console.warn: SearchSettings: "get: No settings file exists, new profile?" (new Error("", "(unknown module)"))
1620809635715	Marionette	INFO	Listening on port 57104
1620809635782	Marionette	WARN	TLS certificate errors will be ignored for this session
1620809678786	Marionette	INFO	Stopped listening on port 57104

###!!! [Child][RunMessage] Error: Channel closing: too late to send/recv, messages will be lost

1620809928874	geckodriver	INFO	Listening on 127.0.0.1:62694
1620809931961	mozrunner::runner	INFO	Running command: "C:\\Program Files\\Mozilla Firefox\\firefox.exe" "--marionette" "-foreground" "-no-remote" "-profile" "C:\\Users\\Soumya\\AppData\\Local\\Temp\\rust_mozprofileMmPj78"
1620809932439	Marionette	INFO	Marionette enabled
console.warn: SearchSettings: "get: No settings file exists, new profile?" (new Error("", "(unknown module)"))
1620809935175	Marionette	INFO	Listening on port 63096
1620809935718	Marionette	WARN	TLS certificate errors will be ignored for this session
1620809968057	Marionette	INFO	Stopped listening on port 63096

###!!! [Child][RunMessage] Error: Channel closing: too late to send/recv, messages will be lost

1620809996988	geckodriver	INFO	Listening on 127.0.0.1:52703
1620810000071	mozrunner::runner	INFO	Running command: "C:\\Program Files\\Mozilla Firefox\\firefox.exe" "--marionette" "-foreground" "-no-remote" "-profile" "C:\\Users\\Soumya\\AppData\\Local\\Temp\\rust_mozprofileiIDuxo"
1620810000452	Marionette	INFO	Marionette enabled
console.warn: SearchSettings: "get: No settings file exists, new profile?" (new Error("", "(unknown module)"))
1620810002840	Marionette	INFO	Listening on port 56290
1620810003250	Marionette	WARN	TLS certificate errors will be ignored for this session
console.error: Region.jsm: "Error fetching region" (new Error("TIMEOUT", "resource://gre/modules/Region.jsm", 772))
console.error: Region.jsm: "Failed to fetch region" (new Error("TIMEOUT", "resource://gre/modules/Region.jsm", 419))
1620810028623	Marionette	INFO	Stopped listening on port 56290

###!!! [Child][RunMessage] Error: Channel closing: too late to send/recv, messages will be lost

1620810133879	geckodriver	INFO	Listening on 127.0.0.1:61807
1620810136963	mozrunner::runner	INFO	Running command: "C:\\Program Files\\Mozilla Firefox\\firefox.exe" "--marionette" "-foreground" "-no-remote" "-profile" "C:\\Users\\Soumya\\AppData\\Local\\Temp\\rust_mozprofilebhqnyv"
1620810137499	Marionette	INFO	Marionette enabled
console.warn: SearchSettings: "get: No settings file exists, new profile?" (new Error("", "(unknown module)"))
1620810139689	Marionette	INFO	Listening on port 59914
1620810140147	Marionette	WARN	TLS certificate errors will be ignored for this session
[Child 7108, IPC I/O Child] WARNING: pipe error: 232: file /builds/worker/checkouts/gecko/ipc/chromium/src/chrome/common/ipc_channel_win.cc:544
1620810187571	Marionette	INFO	Stopped listening on port 59914

###!!! [Child][RunMessage] Error: Channel closing: too late to send/recv, messages will be lost

1620810195022	geckodriver	INFO	Listening on 127.0.0.1:53534
1620810198109	mozrunner::runner	INFO	Running command: "C:\\Program Files\\Mozilla Firefox\\firefox.exe" "--marionette" "-foreground" "-no-remote" "-profile" "C:\\Users\\Soumya\\AppData\\Local\\Temp\\rust_mozprofile8nT2m7"
1620810198489	Marionette	INFO	Marionette enabled
console.warn: SearchSettings: "get: No settings file exists, new profile?" (new Error("", "(unknown module)"))
1620810200569	Marionette	INFO	Listening on port 65180
1620810200800	Marionette	WARN	TLS certificate errors will be ignored for this session
1620810212489	Marionette	WARN	Ignoring event 'DOMContentLoaded' because document has an invalid readyState of 'complete'.
JavaScript error: resource://gre/modules/AsyncShutdown.jsm, line 718: Error: Phase "Sqlite.jsm: wait until all connections are closed" is finished, it is too late to register completion condition "protections.sqlite#0: waiting for shutdown"
1620810234702	Marionette	INFO	Stopped listening on port 65180

###!!! [Child][RunMessage] Error: Channel closing: too late to send/recv, messages will be lost

1620810240490	geckodriver	INFO	Listening on 127.0.0.1:63541
1620810243587	mozrunner::runner	INFO	Running command: "C:\\Program Files\\Mozilla Firefox\\firefox.exe" "--marionette" "-foreground" "-no-remote" "-profile" "C:\\Users\\Soumya\\AppData\\Local\\Temp\\rust_mozprofiletJKxGt"
1620810243948	Marionette	INFO	Marionette enabled
console.warn: SearchSettings: "get: No settings file exists, new profile?" (new Error("", "(unknown module)"))
1620810245974	Marionette	INFO	Listening on port 51542
1620810246242	Marionette	WARN	TLS certificate errors will be ignored for this session
1620810387962	Marionette	INFO	Stopped listening on port 51542

###!!! [Child][RunMessage] Error: Channel closing: too late to send/recv, messages will be lost

1620810426122	geckodriver	INFO	Listening on 127.0.0.1:54177
1620810429225	mozrunner::runner	INFO	Running command: "C:\\Program Files\\Mozilla Firefox\\firefox.exe" "--marionette" "-foreground" "-no-remote" "-profile" "C:\\Users\\Soumya\\AppData\\Local\\Temp\\rust_mozprofilesbtHoF"
1620810429589	Marionette	INFO	Marionette enabled
console.warn: SearchSettings: "get: No settings file exists, new profile?" (new Error("", "(unknown module)"))
1620810431658	Marionette	INFO	Listening on port 60541
1620810431963	Marionette	WARN	TLS certificate errors will be ignored for this session
JavaScript error: resource://gre/modules/AsyncShutdown.jsm, line 718: Error: Phase "Sqlite.jsm: wait until all connections are closed" is finished, it is too late to register completion condition "protections.sqlite#0: waiting for shutdown"
1620810460005	Marionette	INFO	Stopped listening on port 60541

###!!! [Child][RunMessage] Error: Channel closing: too late to send/recv, messages will be lost

1620810587139	geckodriver	INFO	Listening on 127.0.0.1:51572
1620810590234	mozrunner::runner	INFO	Running command: "C:\\Program Files\\Mozilla Firefox\\firefox.exe" "--marionette" "-foreground" "-no-remote" "-profile" "C:\\Users\\Soumya\\AppData\\Local\\Temp\\rust_mozprofileGWaY0J"
1620810590719	Marionette	INFO	Marionette enabled
console.warn: SearchSettings: "get: No settings file exists, new profile?" (new Error("", "(unknown module)"))
1620810593405	Marionette	INFO	Listening on port 56021
1620810593434	Marionette	WARN	TLS certificate errors will be ignored for this session
console.error: Region.jsm: "Error fetching region" (new Error("TIMEOUT", "resource://gre/modules/Region.jsm", 772))
console.error: Region.jsm: "Failed to fetch region" (new Error("TIMEOUT", "resource://gre/modules/Region.jsm", 419))
1620810630450	Marionette	INFO	Stopped listening on port 56021

###!!! [Child][RunMessage] Error: Channel closing: too late to send/recv, messages will be lost

1620810648437	geckodriver	INFO	Listening on 127.0.0.1:56097
1620810651478	mozrunner::runner	INFO	Running command: "C:\\Program Files\\Mozilla Firefox\\firefox.exe" "--marionette" "-foreground" "-no-remote" "-profile" "C:\\Users\\Soumya\\AppData\\Local\\Temp\\rust_mozprofileYILVHa"
1620810651995	Marionette	INFO	Marionette enabled
console.warn: SearchSettings: "get: No settings file exists, new profile?" (new Error("", "(unknown module)"))
1620810654602	Marionette	INFO	Listening on port 62714
1620810654678	Marionette	WARN	TLS certificate errors will be ignored for this session
1620810662001	Marionette	WARN	Ignoring event 'DOMContentLoaded' because document has an invalid readyState of 'complete'.
JavaScript error: resource://gre/modules/AsyncShutdown.jsm, line 718: Error: Phase "Sqlite.jsm: wait until all connections are closed" is finished, it is too late to register completion condition "protections.sqlite#0: waiting for shutdown"
1620810676266	Marionette	INFO	Stopped listening on port 62714

###!!! [Child][RunMessage] Error: Channel closing: too late to send/recv, messages will be lost

1620812271356	geckodriver	INFO	Listening on 127.0.0.1:54909
1620812274443	mozrunner::runner	INFO	Running command: "C:\\Program Files\\Mozilla Firefox\\firefox.exe" "--marionette" "-foreground" "-no-remote" "-profile" "C:\\Users\\Soumya\\AppData\\Local\\Temp\\rust_mozprofilecE5VmW"
1620812275005	Marionette	INFO	Marionette enabled
console.warn: SearchSettings: "get: No settings file exists, new profile?" (new Error("", "(unknown module)"))
1620812277191	Marionette	INFO	Listening on port 63669
1620812277638	Marionette	WARN	TLS certificate errors will be ignored for this session
1620812517480	Marionette	INFO	Stopped listening on port 63669

###!!! [Child][RunMessage] Error: Channel closing: too late to send/recv, messages will be lost

1620813011553	geckodriver	INFO	Listening on 127.0.0.1:56582
1620813014744	mozrunner::runner	INFO	Running command: "C:\\Program Files\\Mozilla Firefox\\firefox.exe" "--marionette" "-foreground" "-no-remote" "-profile" "C:\\Users\\Soumya\\AppData\\Local\\Temp\\rust_mozprofilejQThJi"
1620813015166	Marionette	INFO	Marionette enabled
console.warn: SearchSettings: "get: No settings file exists, new profile?" (new Error("", "(unknown module)"))
1620813017355	Marionette	INFO	Listening on port 59688
1620813017417	Marionette	WARN	TLS certificate errors will be ignored for this session
1620813090183	Marionette	INFO	Stopped listening on port 59688

###!!! [Child][RunMessage] Error: Channel closing: too late to send/recv, messages will be lost

1620813094434	geckodriver	INFO	Listening on 127.0.0.1:63868
1620813097503	mozrunner::runner	INFO	Running command: "C:\\Program Files\\Mozilla Firefox\\firefox.exe" "--marionette" "-foreground" "-no-remote" "-profile" "C:\\Users\\Soumya\\AppData\\Local\\Temp\\rust_mozprofileQw8Idy"
1620813098112	Marionette	INFO	Marionette enabled
console.warn: SearchSettings: "get: No settings file exists, new profile?" (new Error("", "(unknown module)"))
1620813100424	Marionette	INFO	Listening on port 54114
1620813100689	Marionette	WARN	TLS certificate errors will be ignored for this session
1620813276436	Marionette	INFO	Stopped listening on port 54114

###!!! [Child][RunMessage] Error: Channel closing: too late to send/recv, messages will be lost

"--marionette" "-foreground" "-no-remote" "-profile" "C:\\Users\\Soumya\\AppData\\Local\\Temp\\rust_mozprofileka32Qn"
1620813163518	Marionette	INFO	Marionette enabled
console.warn: SearchSettings: "get: No settings file exists, new profile?" (new Error("", "(unknown module)"))
1620813166167	Marionette	INFO	Listening on port 56785
1620813166569	Marionette	WARN	TLS certificate errors will be ignored for this session
1620813190869	Marionette	WARN	Ignoring event 'DOMContentLoaded' because document has an invalid readyState of 'complete'.
1620813275435	Marionette	INFO	Stopped listening on port 56785

###!!! [Child][RunMessage] Error: Channel closing: too late to send/recv, messages will be lost

1620813287120	geckodriver	INFO	Listening on 127.0.0.1:58673
1620813290349	mozrunner::runner	INFO	Running command: "C:\\Program Files\\Mozilla Firefox\\firefox.exe" "--marionette" "-foreground" "-no-remote" "-profile" "C:\\Users\\Soumya\\AppData\\Local\\Temp\\rust_mozprofileONuSjE"
1620813290986	Marionette	INFO	Marionette enabled
console.warn: SearchSettings: "get: No settings file exists, new profile?" (new Error("", "(unknown module)"))
1620813293102	Marionette	INFO	Listening on port 64432
1620813293513	Marionette	WARN	TLS certificate errors will be ignored for this session
console.error: Region.jsm: "Error fetching region" (new Error("TIMEOUT", "resource://gre/modules/Region.jsm", 772))
console.error: Region.jsm: "Failed to fetch region" (new Error("TIMEOUT", "resource://gre/modules/Region.jsm", 419))
1620813305115	Marionette	WARN	Ignoring event 'DOMContentLoaded' because document has an invalid readyState of 'complete'.
1620813311840	Marionette	INFO	Stopped listening on port 64432
JavaScript error: resource://gre/modules/AsyncShutdown.jsm, line 718: Error: Phase "Sqlite.jsm: wait until all connections are closed" is finished, it is too late to register completion condition "protections.sqlite#0: waiting for shutdown"
1620813684935	geckodriver	INFO	Listening on 127.0.0.1:52585
1620813687997	mozrunner::runner	INFO	Running command: "C:\\Program Files\\Mozilla Firefox\\firefox.exe" "--marionette" "-foreground" "-no-remote" "-profile" "C:\\Users\\Soumya\\AppData\\Local\\Temp\\rust_mozprofilenmLpxL"
1620813688371	Marionette	INFO	Marionette enabled
console.warn: SearchSettings: "get: No settings file exists, new profile?" (new Error("", "(unknown module)"))
1620813690332	Marionette	INFO	Listening on port 65392
1620813690666	Marionette	WARN	TLS certificate errors will be ignored for this session
1620813753116	Marionette	INFO	Stopped listening on port 65392
1620813754563	geckodriver	INFO	Listening on 127.0.0.1:61599
1620813757614	mozrunner::runner	INFO	Running command: "C:\\Program Files\\Mozilla Firefox\\firefox.exe" "--marionette" "-foreground" "-no-remote" "-profile" "C:\\Users\\Soumya\\AppData\\Local\\Temp\\rust_mozprofileUkbt8h"
1620813757974	Marionette	INFO	Marionette enabled
console.warn: SearchSettings: "get: No settings file exists, new profile?" (new Error("", "(unknown module)"))
1620813759915	Marionette	INFO	Listening on port 57612
1620813760278	Marionette	WARN	TLS certificate errors will be ignored for this session
1620813777439	Marionette	INFO	Stopped listening on port 57612
JavaScript error: resource://gre/modules/AsyncShutdown.jsm, line 718: Error: Phase "Sqlite.jsm: wait until all connections are closed" is finished, it is too late to register completion condition "protections.sqlite#0: waiting for shutdown"

###!!! [Child][RunMessage] Error: Channel closing: too late to send/recv, messages will be lost

1620813850106	geckodriver	INFO	Listening on 127.0.0.1:61808
1620813853168	mozrunner::runner	INFO	Running command: "C:\\Program Files\\Mozilla Firefox\\firefox.exe" "--marionette" "-foreground" "-no-remote" "-profile" "C:\\Users\\Soumya\\AppData\\Local\\Temp\\rust_mozprofilejmcPva"
1620813853530	Marionette	INFO	Marionette enabled
console.warn: SearchSettings: "get: No settings file exists, new profile?" (new Error("", "(unknown module)"))
1620813855465	Marionette	INFO	Listening on port 50967
1620813855852	Marionette	WARN	TLS certificate errors will be ignored for this session
JavaScript error: resource://gre/modules/AsyncShutdown.jsm, line 575: NotFoundError: No such JSWindowActor 'MarionetteEvents'
JavaScript error: resource://gre/modules/AsyncShutdown.jsm, line 718: Error: Phase "Sqlite.jsm: wait until all connections are closed" is finished, it is too late to register completion condition "protections.sqlite#0: waiting for shutdown"
1620813929213	Marionette	INFO	Stopped listening on port 50967

###!!! [Child][RunMessage] Error: Channel closing: too late to send/recv, messages will be lost

1620813943332	geckodriver	INFO	Listening on 127.0.0.1:54954
1620813946395	mozrunner::runner	INFO	Running command: "C:\\Program Files\\Mozilla Firefox\\firefox.exe" "--marionette" "-foreground" "-no-remote" "-profile" "C:\\Users\\Soumya\\AppData\\Local\\Temp\\rust_mozprofileJWk3tu"
1620813946789	Marionette	INFO	Marionette enabled
console.warn: SearchSettings: "get: No settings file exists, new profile?" (new Error("", "(unknown module)"))
1620813948707	Marionette	INFO	Listening on port 50597
1620813949093	Marionette	WARN	TLS certificate errors will be ignored for this session
console.error: Region.jsm: "Error fetching region" (new Error("TIMEOUT", "resource://gre/modules/Region.jsm", 772))
console.error: Region.jsm: "Failed to fetch region" (new Error("TIMEOUT", "resource://gre/modules/Region.jsm", 419))
[Parent 17712, IPC I/O Parent] WARNING: file /builds/worker/checkouts/gecko/ipc/chromium/src/base/process_util_win.cc:167
1620813967525	Marionette	INFO	Stopped listening on port 50597

###!!! [Child][RunMessage] Error: Channel closing: too late to send/recv, messages will be lost

1620813968947	geckodriver	INFO	Listening on 127.0.0.1:51593
1620813972016	mozrunner::runner	INFO	Running command: "C:\\Program Files\\Mozilla Firefox\\firefox.exe" "--marionette" "-foreground" "-no-remote" "-profile" "C:\\Users\\Soumya\\AppData\\Local\\Temp\\rust_mozprofilellasSM"
1620813972379	Marionette	INFO	Marionette enabled
console.warn: SearchSettings: "get: No settings file exists, new profile?" (new Error("", "(unknown module)"))
1620813974446	Marionette	INFO	Listening on port 55471
1620813974678	Marionette	WARN	TLS certificate errors will be ignored for this session
1620813989281	Marionette	WARN	Ignoring event 'DOMContentLoaded' because document has an invalid readyState of 'complete'.
JavaScript error: resource://gre/modules/AsyncShutdown.jsm, line 718: Error: Phase "Sqlite.jsm: wait until all connections are closed" is finished, it is too late to register completion condition "protections.sqlite#0: waiting for shutdown"
1620814020121	Marionette	INFO	Stopped listening on port 55471

###!!! [Child][RunMessage] Error: Channel closing: too late to send/recv, messages will be lost

1620814021392	geckodriver	INFO	Listening on 127.0.0.1:49325
1620814024422	mozrunner::runner	INFO	Running command: "C:\\Program Files\\Mozilla Firefox\\firefox.exe" "--marionette" "-foreground" "-no-remote" "-profile" "C:\\Users\\Soumya\\AppData\\Local\\Temp\\rust_mozprofileU7FFun"
1620814024795	Marionette	INFO	Marionette enabled
console.warn: SearchSettings: "get: No settings file exists, new profile?" (new Error("", "(unknown module)"))
1620814026761	Marionette	INFO	Listening on port 61832
1620814027120	Marionette	WARN	TLS certificate errors will be ignored for this session
1620814041557	Marionette	INFO	Stopped listening on port 61832
JavaScript error: resource://gre/modules/AsyncShutdown.jsm, line 718: Error: Phase "Sqlite.jsm: wait until all connections are closed" is finished, it is too late to register completion condition "protections.sqlite#0: waiting for shutdown"
1620814277436	geckodriver	INFO	Listening on 127.0.0.1:55134
1620814280542	mozrunner::runner	INFO	Running command: "C:\\Program Files\\Mozilla Firefox\\firefox.exe" "--marionette" "-foreground" "-no-remote" "-profile" "C:\\Users\\Soumya\\AppData\\Local\\Temp\\rust_mozprofilecurN0U"
1620814280911	Marionette	INFO	Marionette enabled
console.warn: SearchSettings: "get: No settings file exists, new profile?" (new Error("", "(unknown module)"))
1620814282988	Marionette	INFO	Listening on port 61897
1620814283203	Marionette	WARN	TLS certificate errors will be ignored for this session
1620814305579	Marionette	INFO	Stopped listening on port 61897
JavaScript error: resource://gre/modules/AsyncShutdown.jsm, line 718: Error: Phase "Sqlite.jsm: wait until all connections are closed" is finished, it is too late to register completion condition "protections.sqlite#0: waiting for shutdown"

###!!! [Child][RunMessage] Error: Channel closing: too late to send/recv, messages will be lost

1620814491420	geckodriver	INFO	Listening on 127.0.0.1:54128
1620814494488	mozrunner::runner	INFO	Running command: "C:\\Program Files\\Mozilla Firefox\\firefox.exe" "--marionette" "-foreground" "-no-remote" "-profile" "C:\\Users\\Soumya\\AppData\\Local\\Temp\\rust_mozprofileYcg3rP"
1620814494849	Marionette	INFO	Marionette enabled
console.warn: SearchSettings: "get: No settings file exists, new profile?" (new Error("", "(unknown module)"))
1620814497107	Marionette	INFO	Listening on port 60402
1620814497137	Marionette	WARN	TLS certificate errors will be ignored for this session
console.error: Region.jsm: "Error fetching region" (new TypeError("NetworkError when attempting to fetch resource.", ""))
console.error: Region.jsm: "Failed to fetch region" (new Error("NO_RESULT", "resource://gre/modules/Region.jsm", 419))
console.error: services.settings: 
  main/message-groups Signature failed  TypeError: NetworkError when attempting to fetch resource.
1620814497589	Marionette	INFO	Stopped listening on port 60402

###!!! [Child][RunMessage] Error: Channel closing: too late to send/recv, messages will be lost

1620814504310	geckodriver	INFO	Listening on 127.0.0.1:57999
1620814507363	mozrunner::runner	INFO	Running command: "C:\\Program Files\\Mozilla Firefox\\firefox.exe" "--marionette" "-foreground" "-no-remote" "-profile" "C:\\Users\\Soumya\\AppData\\Local\\Temp\\rust_mozprofile1QT2QB"
1620814507719	Marionette	INFO	Marionette enabled
console.warn: SearchSettings: "get: No settings file exists, new profile?" (new Error("", "(unknown module)"))
1620814509865	Marionette	INFO	Listening on port 61529
1620814510040	Marionette	WARN	TLS certificate errors will be ignored for this session
1620814523151	Marionette	WARN	Ignoring event 'DOMContentLoaded' because document has an invalid readyState of 'complete'.
1620814552849	Marionette	INFO	Stopped listening on port 61529

###!!! [Child][RunMessage] Error: Channel closing: too late to send/recv, messages will be lost

1620814553789	geckodriver	INFO	Listening on 127.0.0.1:50658
1620814556850	mozrunner::runner	INFO	Running command: "C:\\Program Files\\Mozilla Firefox\\firefox.exe" "--marionette" "-foreground" "-no-remote" "-profile" "C:\\Users\\Soumya\\AppData\\Local\\Temp\\rust_mozprofileFjOYy1"
1620814557216	Marionette	INFO	Marionette enabled
console.warn: SearchSettings: "get: No settings file exists, new profile?" (new Error("", "(unknown module)"))
1620814559565	Marionette	INFO	Listening on port 51438
1620814560017	Marionette	WARN	TLS certificate errors will be ignored for this session
1620814569938	Marionette	WARN	Ignoring event 'DOMContentLoaded' because document has an invalid readyState of 'complete'.
1620814570001	Marionette	WARN	Ignoring event 'DOMContentLoaded' because document has an invalid readyState of 'complete'.
1620814604311	Marionette	INFO	Stopped listening on port 51438

###!!! [Child][RunMessage] Error: Channel closing: too late to send/recv, messages will be lost

1620814605632	geckodriver	INFO	Listening on 127.0.0.1:54345
1620814608737	mozrunner::runner	INFO	Running command: "C:\\Program Files\\Mozilla Firefox\\firefox.exe" "--marionette" "-foreground" "-no-remote" "-profile" "C:\\Users\\Soumya\\AppData\\Local\\Temp\\rust_mozprofileBPLLci"
1620814609097	Marionette	INFO	Marionette enabled
console.warn: SearchSettings: "get: No settings file exists, new profile?" (new Error("", "(unknown module)"))
1620814611077	Marionette	INFO	Listening on port 52078
1620814611378	Marionette	WARN	TLS certificate errors will be ignored for this session
console.error: Region.jsm: "Error fetching region" (new Error("TIMEOUT", "resource://gre/modules/Region.jsm", 772))
console.error: Region.jsm: "Failed to fetch region" (new Error("TIMEOUT", "resource://gre/modules/Region.jsm", 419))
[Parent 26312, IPC I/O Parent] WARNING: file /builds/worker/checkouts/gecko/ipc/chromium/src/base/process_util_win.cc:167
1620814630069	Marionette	INFO	Stopped listening on port 52078

###!!! [Child][RunMessage] Error: Channel closing: too late to send/recv, messages will be lost

1620814631812	geckodriver	INFO	Listening on 127.0.0.1:57007
1620814634850	mozrunner::runner	INFO	Running command: "C:\\Program Files\\Mozilla Firefox\\firefox.exe" "--marionette" "-foreground" "-no-remote" "-profile" "C:\\Users\\Soumya\\AppData\\Local\\Temp\\rust_mozprofileJdbzzw"
1620814635203	Marionette	INFO	Marionette enabled
console.warn: SearchSettings: "get: No settings file exists, new profile?" (new Error("", "(unknown module)"))
1620814637144	Marionette	INFO	Listening on port 59452
1620814637526	Marionette	WARN	TLS certificate errors will be ignored for this session
console.error: Region.jsm: "Error fetching region" (new Error("TIMEOUT", "resource://gre/modules/Region.jsm", 772))
console.error: Region.jsm: "Failed to fetch region" (new Error("TIMEOUT", "resource://gre/modules/Region.jsm", 419))
1620814671734	Marionette	INFO	Stopped listening on port 59452

###!!! [Child][RunMessage] Error: Channel closing: too late to send/recv, messages will be lost

1620814741159	geckodriver	INFO	Listening on 127.0.0.1:54029
1620814744262	mozrunner::runner	INFO	Running command: "C:\\Program Files\\Mozilla Firefox\\firefox.exe" "--marionette" "-foreground" "-no-remote" "-profile" "C:\\Users\\Soumya\\AppData\\Local\\Temp\\rust_mozprofilehGyNZR"
1620814744618	Marionette	INFO	Marionette enabled
console.warn: SearchSettings: "get: No settings file exists, new profile?" (new Error("", "(unknown module)"))
1620814746539	Marionette	INFO	Listening on port 52652
1620814746923	Marionette	WARN	TLS certificate errors will be ignored for this session
1620814779945	Marionette	INFO	Stopped listening on port 52652
1620814781196	geckodriver	INFO	Listening on 127.0.0.1:51979
1620814784267	mozrunner::runner	INFO	Running command: "C:\\Program Files\\Mozilla Firefox\\firefox.exe" "--marionette" "-foreground" "-no-remote" "-profile" "C:\\Users\\Soumya\\AppData\\Local\\Temp\\rust_mozprofilemXKxbd"
1620814784628	Marionette	INFO	Marionette enabled
console.warn: SearchSettings: "get: No settings file exists, new profile?" (new Error("", "(unknown module)"))
1620814786556	Marionette	INFO	Listening on port 56204
1620814786928	Marionette	WARN	TLS certificate errors will be ignored for this session
1620814822233	Marionette	INFO	Stopped listening on port 56204

###!!! [Child][RunMessage] Error: Channel closing: too late to send/recv, messages will be lost

1620814852362	geckodriver	INFO	Listening on 127.0.0.1:61331
1620814855452	mozrunner::runner	INFO	Running command: "C:\\Program Files\\Mozilla Firefox\\firefox.exe" "--marionette" "-foreground" "-no-remote" "-profile" "C:\\Users\\Soumya\\AppData\\Local\\Temp\\rust_mozprofileLqTYXN"
1620814855810	Marionette	INFO	Marionette enabled
console.warn: SearchSettings: "get: No settings file exists, new profile?" (new Error("", "(unknown module)"))
1620814857774	Marionette	INFO	Listening on port 60973
1620814858097	Marionette	WARN	TLS certificate errors will be ignored for this session
console.error: Region.jsm: "Error fetching region" (new Error("TIMEOUT", "resource://gre/modules/Region.jsm", 772))
console.error: Region.jsm: "Failed to fetch region" (new Error("TIMEOUT", "resource://gre/modules/Region.jsm", 419))
1620814882671	Marionette	WARN	Ignoring event 'DOMContentLoaded' because document has an invalid readyState of 'complete'.
JavaScript error: resource://gre/modules/AsyncShutdown.jsm, line 718: Error: Phase "Sqlite.jsm: wait until all connections are closed" is finished, it is too late to register completion condition "protections.sqlite#0: waiting for shutdown"
1620814981832	Marionette	INFO	Stopped li1620814982129	Marionette	INFO	Marionette enabled
console.warn: SearchSettings: "get: No settings file exists, new profile?" (new Error("", "(unknown module)"))
1620814984137	Marionette	INFO	Listening on port 52233
1620814984623	Marionette	WARN	TLS certificate errors will be ignored for this session
console.error: Region.jsm: "Error fetching region" (new Error("TIMEOUT", "resource://gre/modules/Region.jsm", 772))
console.error: Region.jsm: "Failed to fetch region" (new Error("TIMEOUT", "resource://gre/modules/Region.jsm", 419))
1620815013805	Marionette	INFO	Stopped listening on port 52233
JavaScript error: resource://gre/modules/AsyncShutdown.jsm, line 718: Error: Phase "Sqlite.jsm: wait until all connections are closed" is finished, it is too late to register completion condition "protections.sqlite#0: waiting for shutdown"
1620815076521	geckodriver	INFO	Listening on 127.0.0.1:58432
1620815079600	mozrunner::runner	INFO	Running command: "C:\\Program Files\\Mozilla Firefox\\firefox.exe" "--marionette" "-foreground" "-no-remote" "-profile" "C:\\Users\\Soumya\\AppData\\Local\\Temp\\rust_mozprofileKN3pG7"
1620815079958	Marionette	INFO	Marionette enabled
console.error: Region.jsm: "Error fetching region" (new TypeError("NetworkError when attempting to fetch resource.", ""))
console.error: Region.jsm: "Failed to fetch region" (new Error("NO_RESULT", "resource://gre/modules/Region.jsm", 419))
console.warn: SearchSettings: "get: No settings file exists, new profile?" (new Error("", "(unknown module)"))
1620815081908	Marionette	INFO	Listening on port 49832
1620815082258	Marionette	WARN	TLS certificate errors will be ignored for this session
1620815146752	Marionette	INFO	Stopped listening on port 49832

###!!! [Child][RunMessage] Error: Channel closing: too late to send/recv, messages will be lost

1620815148314	geckodriver	INFO	Listening on 127.0.0.1:49557
1620815151404	mozrunner::runner	INFO	Running command: "C:\\Program Files\\Mozilla Firefox\\firefox.exe" "--marionette" "-foreground" "-no-remote" "-profile" "C:\\Users\\Soumya\\AppData\\Local\\Temp\\rust_mozprofile1tGt41"
1620815151770	Marionette	INFO	Marionette enabled
console.warn: SearchSettings: "get: No settings file exists, new profile?" (new Error("", "(unknown module)"))
1620815153766	Marionette	INFO	Listening on port 58053
1620815154081	Marionette	WARN	TLS certificate errors will be ignored for this session
console.error: Region.jsm: "Error fetching region" (new Error("TIMEOUT", "resource://gre/modules/Region.jsm", 772))
console.error: Region.jsm: "Failed to fetch region" (new Error("TIMEOUT", "resource://gre/modules/Region.jsm", 419))
1620815224925	Marionette	INFO	Stopped listening on port 58053
JavaScript error: resource://gre/modules/Sqlite.jsm, line 1030: Error: Sqlite.jsm has been shutdown. Cannot open connection to: C:\Users\Soumya\AppData\Local\Temp\rust_mozprofile1tGt41\protections.sqlite

###!!! [Child][RunMessage] Error: Channel closing: too late to send/recv, messages will be lost

